Wed, 18 Nov 2020 19:53:55 GMT | INFO | app.log | Request recieved at /test | data:{"gender":"Male","age":10,"name":"Andy"} | log_data:{"gender":"Male","age":10,"name":"Andy"} | 
Wed, 18 Nov 2020 19:53:55 GMT | INFO | app.log | Return sucess response | data:{"sucess":true} | log_data:{"gender":"Male","age":10,"name":"Andy"} | 
Wed, 18 Nov 2020 19:56:12 GMT | INFO | app.log | Request recieved at /test | data:{"gender":"Male","age":10,"name":"Andy"} | log_data:{"gender":"Male","age":10,"name":"Andy"} | 
Wed, 18 Nov 2020 19:56:12 GMT | INFO | app.log | Return sucess response | data:{"sucess":true} | log_data:{"gender":"Male","age":10,"name":"Andy"} | 

Wed, 18 Nov 2020 19:57:06 GMT | INFO | app.log 
 Request recieved at /test | data:{"gender":"Male","age":10,"name":"Andy"} | log_data:{"gender":"Male","age":10,"name":"Andy"} | 

Wed, 18 Nov 2020 19:57:06 GMT | INFO | app.log 
 Return sucess response | data:{"sucess":true} | log_data:{"gender":"Male","age":10,"name":"Andy"} | 

LTS L | INFO | app.log 
 Request recieved at /test | data:{"gender":"Male","age":10,"name":"Andy"} | log_data:{"gender":"Male","age":10,"name":"Andy"} | 

LTS L | INFO | app.log 
 Return sucess response | data:{"sucess":true} | log_data:{"gender":"Male","age":10,"name":"Andy"} | 

LTS L | INFO | app.log 
 Request recieved at /test | data:{"gender":"Male","age":10,"name":"Andy"} | log_data:{"gender":"Male","age":10,"name":"Andy"} | 

LTS L | INFO | app.log 
 Return sucess response | data:{"sucess":true} | log_data:{"gender":"Male","age":10,"name":"Andy"} | 

25/01/2019 | INFO | app.log 
 Request recieved at /test | data:{"gender":"Male","age":10,"name":"Andy"} | log_data:{"gender":"Male","age":10,"name":"Andy"} | 

25/01/2019 | INFO | app.log 
 Return sucess response | data:{"sucess":true} | log_data:{"gender":"Male","age":10,"name":"Andy"} | 

18/11/2020 | INFO | app.log 
 Request recieved at /test | data:{"gender":"Male","age":10,"name":"Andy"} | log_data:{"gender":"Male","age":10,"name":"Andy"} | 

18/11/2020 | INFO | app.log 
 Return sucess response | data:{"sucess":true} | log_data:{"gender":"Male","age":10,"name":"Andy"} | 

15/11/SS : 18/11/2020 | INFO | app.log 
 Request recieved at /test | data:{"gender":"Male","age":10,"name":"Andy"} | log_data:{"gender":"Male","age":10,"name":"Andy"} | 

15/11/SS : 18/11/2020 | INFO | app.log 
 Return sucess response | data:{"sucess":true} | log_data:{"gender":"Male","age":10,"name":"Andy"} | 

15/11/50 : 18/11/2020 | INFO | app.log 
 Request recieved at /test | data:{"gender":"Male","age":10,"name":"Andy"} | log_data:{"gender":"Male","age":10,"name":"Andy"} | 

15/11/50 : 18/11/2020 | INFO | app.log 
 Return sucess response | data:{"sucess":true} | log_data:{"gender":"Male","age":10,"name":"Andy"} | 

15:11:04 : 18/11/2020 | INFO | app.log 
 Request recieved at /test | data:{"gender":"Male","age":10,"name":"Andy"} | log_data:{"gender":"Male","age":10,"name":"Andy"} | 

15:11:04 : 18/11/2020 | INFO | app.log 
 Return sucess response | data:{"sucess":true} | log_data:{"gender":"Male","age":10,"name":"Andy"} | 

 at: 15:11:07 : 11/18/2020 | INFO | app.log 
 Request recieved at /test | data:{"gender":"Male","age":10,"name":"Andy"} | log_data:{"gender":"Male","age":10,"name":"Andy"} | 

 at: 15:11:07 : 11/18/2020 | INFO | app.log 
 Return sucess response | data:{"sucess":true} | log_data:{"gender":"Male","age":10,"name":"Andy"} | 
